<!DOCTYPE html>

<html>
  <head>
  <meta charset='utf-8'>
  <title>TestNG reports</title>

    <link type="text/css" href="testng-reports1.css" rel="stylesheet" id="ultra" />
    <link type="text/css" href="testng-reports.css" rel="stylesheet" id="retro" disabled="false"/>
    <script type="text/javascript" src="jquery.min.js"></script>
    <script type="text/javascript" src="testng-reports.js"></script>
    <script type="text/javascript" src="https://www.google.com/jsapi"></script>
    <script type='text/javascript'>
      google.load('visualization', '1', {packages:['table']});
      google.setOnLoadCallback(drawTable);
      var suiteTableInitFunctions = new Array();
      var suiteTableData = new Array();
    </script>
    <!--
      <script type="text/javascript" src="jquery-ui/js/jquery-ui-1.8.16.custom.min.js"></script>
     -->
  </head>

  <body>
    <div class="top-banner-root">
      <span class="top-banner-title-font">Test results</span>
      <button id="button" class="button">Switch Retro Theme</button> <!-- button -->
      <br/>
      <span class="top-banner-font-1">1 suite, 4 failed tests</span>
    </div> <!-- top-banner-root -->
    <div class="navigator-root">
      <div class="navigator-suite-header">
        <span>All suites</span>
        <a href="#" title="Collapse/expand all the suites" class="collapse-all-link">
          <img src="collapseall.gif" class="collapse-all-icon">
          </img> <!-- collapse-all-icon -->
        </a> <!-- collapse-all-link -->
      </div> <!-- navigator-suite-header -->
      <div class="suite">
        <div class="rounded-window">
          <div class="suite-header light-rounded-window-top">
            <a href="#" panel-name="suite-Check_Login_and_Releted_Functionalities" class="navigator-link">
              <span class="suite-name border-failed">Check Login and Releted Functionalities</span>
            </a> <!-- navigator-link -->
          </div> <!-- suite-header light-rounded-window-top -->
          <div class="navigator-suite-content">
            <div class="suite-section-title">
              <span>Info</span>
            </div> <!-- suite-section-title -->
            <div class="suite-section-content">
              <ul>
                <li>
                  <a href="#" panel-name="test-xml-Check_Login_and_Releted_Functionalities" class="navigator-link ">
                    <span>D:\Automation\rover\testng.xml</span>
                  </a> <!-- navigator-link  -->
                </li>
                <li>
                  <a href="#" panel-name="testlist-Check_Login_and_Releted_Functionalities" class="navigator-link ">
                    <span class="test-stats">1 test</span>
                  </a> <!-- navigator-link  -->
                </li>
                <li>
                  <a href="#" panel-name="group-Check_Login_and_Releted_Functionalities" class="navigator-link ">
                    <span>0 groups</span>
                  </a> <!-- navigator-link  -->
                </li>
                <li>
                  <a href="#" panel-name="times-Check_Login_and_Releted_Functionalities" class="navigator-link ">
                    <span>Times</span>
                  </a> <!-- navigator-link  -->
                </li>
                <li>
                  <a href="#" panel-name="reporter-Check_Login_and_Releted_Functionalities" class="navigator-link ">
                    <span>Reporter output</span>
                  </a> <!-- navigator-link  -->
                </li>
                <li>
                  <a href="#" panel-name="ignored-methods-Check_Login_and_Releted_Functionalities" class="navigator-link ">
                    <span>Ignored methods</span>
                  </a> <!-- navigator-link  -->
                </li>
                <li>
                  <a href="#" panel-name="chronological-Check_Login_and_Releted_Functionalities" class="navigator-link ">
                    <span>Chronological view</span>
                  </a> <!-- navigator-link  -->
                </li>
              </ul>
            </div> <!-- suite-section-content -->
            <div class="result-section">
              <div class="suite-section-title">
                <span>Results</span>
              </div> <!-- suite-section-title -->
              <div class="suite-section-content">
                <ul>
                  <li>
                    <span class="method-stats">14 methods, 4 failed,   10 passed</span>
                  </li>
                  <li>
                    <span class="method-list-title failed">Failed methods</span>
                    <span class="show-or-hide-methods failed">
                      <a href="#" panel-name="suite-Check_Login_and_Releted_Functionalities" class="hide-methods failed suite-Check_Login_and_Releted_Functionalities"> (hide)</a> <!-- hide-methods failed suite-Check_Login_and_Releted_Functionalities -->
                      <a href="#" panel-name="suite-Check_Login_and_Releted_Functionalities" class="show-methods failed suite-Check_Login_and_Releted_Functionalities"> (show)</a> <!-- show-methods failed suite-Check_Login_and_Releted_Functionalities -->
                    </span>
                    <div class="method-list-content failed suite-Check_Login_and_Releted_Functionalities">
                      <span>
                        <img src="failed.png" width="3%"/>
                        <a href="#" panel-name="suite-Check_Login_and_Releted_Functionalities" title="Testcase.LoginwithSocialMedia" class="method navigator-link" hash-for-method="Validate_Login_Using_socialMedia">Validate_Login_Using_socialMedia</a> <!-- method navigator-link -->
                      </span>
                      <br/>
                      <span>
                        <img src="failed.png" width="3%"/>
                        <a href="#" panel-name="suite-Check_Login_and_Releted_Functionalities" title="Testcase.LoginPageTest" class="method navigator-link" hash-for-method="Verify_Invalid_Validation">Verify_Invalid_Validation</a> <!-- method navigator-link -->
                      </span>
                      <br/>
                      <span>
                        <img src="failed.png" width="3%"/>
                        <a href="#" panel-name="suite-Check_Login_and_Releted_Functionalities" title="Testcase.LoginPageTest" class="method navigator-link" hash-for-method="Verify_Valid_Credentials">Verify_Valid_Credentials</a> <!-- method navigator-link -->
                      </span>
                      <br/>
                      <span>
                        <img src="failed.png" width="3%"/>
                        <a href="#" panel-name="suite-Check_Login_and_Releted_Functionalities" title="Testcase.ForgotPasswordTest" class="method navigator-link" hash-for-method="Verify_Valid_Emailid_Test">Verify_Valid_Emailid_Test</a> <!-- method navigator-link -->
                      </span>
                      <br/>
                    </div> <!-- method-list-content failed suite-Check_Login_and_Releted_Functionalities -->
                  </li>
                  <li>
                    <span class="method-list-title passed">Passed methods</span>
                    <span class="show-or-hide-methods passed">
                      <a href="#" panel-name="suite-Check_Login_and_Releted_Functionalities" class="hide-methods passed suite-Check_Login_and_Releted_Functionalities"> (hide)</a> <!-- hide-methods passed suite-Check_Login_and_Releted_Functionalities -->
                      <a href="#" panel-name="suite-Check_Login_and_Releted_Functionalities" class="show-methods passed suite-Check_Login_and_Releted_Functionalities"> (show)</a> <!-- show-methods passed suite-Check_Login_and_Releted_Functionalities -->
                    </span>
                    <div class="method-list-content passed suite-Check_Login_and_Releted_Functionalities">
                      <span>
                        <img src="passed.png" width="3%"/>
                        <a href="#" panel-name="suite-Check_Login_and_Releted_Functionalities" title="Testcase.LoginPageTest" class="method navigator-link" hash-for-method="Verify_Blank_Validation">Verify_Blank_Validation</a> <!-- method navigator-link -->
                      </span>
                      <br/>
                      <span>
                        <img src="passed.png" width="3%"/>
                        <a href="#" panel-name="suite-Check_Login_and_Releted_Functionalities" title="Testcase.ForgotPasswordTest" class="method navigator-link" hash-for-method="Verify_Blank_Validation_Test">Verify_Blank_Validation_Test</a> <!-- method navigator-link -->
                      </span>
                      <br/>
                      <span>
                        <img src="passed.png" width="3%"/>
                        <a href="#" panel-name="suite-Check_Login_and_Releted_Functionalities" title="Testcase.HomePageTest" class="method navigator-link" hash-for-method="Verify_HomepageTitle">Verify_HomepageTitle</a> <!-- method navigator-link -->
                      </span>
                      <br/>
                      <span>
                        <img src="passed.png" width="3%"/>
                        <a href="#" panel-name="suite-Check_Login_and_Releted_Functionalities" title="Testcase.LoginPageTest" class="method navigator-link" hash-for-method="Verify_HomepageTitle">Verify_HomepageTitle</a> <!-- method navigator-link -->
                      </span>
                      <br/>
                      <span>
                        <img src="passed.png" width="3%"/>
                        <a href="#" panel-name="suite-Check_Login_and_Releted_Functionalities" title="Testcase.ForgotPasswordTest" class="method navigator-link" hash-for-method="Verify_HomepageTitle_Test">Verify_HomepageTitle_Test</a> <!-- method navigator-link -->
                      </span>
                      <br/>
                      <span>
                        <img src="passed.png" width="3%"/>
                        <a href="#" panel-name="suite-Check_Login_and_Releted_Functionalities" title="Testcase.ForgotPasswordTest" class="method navigator-link" hash-for-method="Verify_Invalid_Emailid_Test">Verify_Invalid_Emailid_Test</a> <!-- method navigator-link -->
                      </span>
                      <br/>
                      <span>
                        <img src="passed.png" width="3%"/>
                        <a href="#" panel-name="suite-Check_Login_and_Releted_Functionalities" title="Testcase.ForgotPasswordTest" class="method navigator-link" hash-for-method="Verify_ResendCode_Test">Verify_ResendCode_Test</a> <!-- method navigator-link -->
                      </span>
                      <br/>
                      <span>
                        <img src="passed.png" width="3%"/>
                        <a href="#" panel-name="suite-Check_Login_and_Releted_Functionalities" title="Testcase.HomePageTest" class="method navigator-link" hash-for-method="Verify_SigninLink">Verify_SigninLink</a> <!-- method navigator-link -->
                      </span>
                      <br/>
                      <span>
                        <img src="passed.png" width="3%"/>
                        <a href="#" panel-name="suite-Check_Login_and_Releted_Functionalities" title="Testcase.ForgotPasswordTest" class="method navigator-link" hash-for-method="Verify_code_Test">Verify_code_Test</a> <!-- method navigator-link -->
                      </span>
                      <br/>
                      <span>
                        <img src="passed.png" width="3%"/>
                        <a href="#" panel-name="suite-Check_Login_and_Releted_Functionalities" title="Testcase.LoginPageTest" class="method navigator-link" hash-for-method="Verify_forgotpasswordlink">Verify_forgotpasswordlink</a> <!-- method navigator-link -->
                      </span>
                      <br/>
                    </div> <!-- method-list-content passed suite-Check_Login_and_Releted_Functionalities -->
                  </li>
                </ul>
              </div> <!-- suite-section-content -->
            </div> <!-- result-section -->
          </div> <!-- navigator-suite-content -->
        </div> <!-- rounded-window -->
      </div> <!-- suite -->
    </div> <!-- navigator-root -->
    <div class="wrapper">
      <div class="main-panel-root">
        <div panel-name="suite-Check_Login_and_Releted_Functionalities" class="panel Check_Login_and_Releted_Functionalities">
          <div class="suite-Check_Login_and_Releted_Functionalities-class-failed">
            <div class="main-panel-header rounded-window-top">
              <img src="failed.png"/>
              <span class="class-name">Testcase.LoginPageTest</span>
            </div> <!-- main-panel-header rounded-window-top -->
            <div class="main-panel-content rounded-window-bottom">
              <div class="method">
                <div class="method-content">
                  <a name="Verify_Invalid_Validation">
                  </a> <!-- Verify_Invalid_Validation -->
                  <span class="method-name">Verify_Invalid_Validation</span>
                  <div class="stack-trace">java.lang.IllegalArgumentException: Keys to send should be a not null CharSequence
	at org.openqa.selenium.remote.RemoteWebElement.sendKeys(RemoteWebElement.java:97)
	at org.openqa.selenium.support.pagefactory.internal.LocatingElementHandler.invoke(LocatingElementHandler.java:51)
	at jdk.proxy2/jdk.proxy2.$Proxy14.sendKeys(Unknown Source)
	at Pages.LoginPage.Validate_password_validation(LoginPage.java:60)
	at Testcase.LoginPageTest.Verify_Invalid_Validation(LoginPageTest.java:48)
	at java.base/java.util.ArrayList.forEach(ArrayList.java:1511)
... Removed 31 stack frames
</div> <!-- stack-trace -->
                </div> <!-- method-content -->
              </div> <!-- method -->
              <div class="method">
                <div class="method-content">
                  <a name="Verify_Valid_Credentials">
                  </a> <!-- Verify_Valid_Credentials -->
                  <span class="method-name">Verify_Valid_Credentials</span>
                  <div class="stack-trace">java.lang.IllegalArgumentException: Keys to send should be a not null CharSequence
	at org.openqa.selenium.remote.RemoteWebElement.sendKeys(RemoteWebElement.java:97)
	at org.openqa.selenium.support.pagefactory.internal.LocatingElementHandler.invoke(LocatingElementHandler.java:51)
	at jdk.proxy2/jdk.proxy2.$Proxy14.sendKeys(Unknown Source)
	at Pages.LoginPage.Validate_with_ValidCredentials(LoginPage.java:75)
	at Testcase.LoginPageTest.Verify_Valid_Credentials(LoginPageTest.java:56)
	at java.base/java.util.ArrayList.forEach(ArrayList.java:1511)
... Removed 31 stack frames
</div> <!-- stack-trace -->
                </div> <!-- method-content -->
              </div> <!-- method -->
            </div> <!-- main-panel-content rounded-window-bottom -->
          </div> <!-- suite-Check_Login_and_Releted_Functionalities-class-failed -->
          <div class="suite-Check_Login_and_Releted_Functionalities-class-failed">
            <div class="main-panel-header rounded-window-top">
              <img src="failed.png"/>
              <span class="class-name">Testcase.ForgotPasswordTest</span>
            </div> <!-- main-panel-header rounded-window-top -->
            <div class="main-panel-content rounded-window-bottom">
              <div class="method">
                <div class="method-content">
                  <a name="Verify_Valid_Emailid_Test">
                  </a> <!-- Verify_Valid_Emailid_Test -->
                  <span class="method-name">Verify_Valid_Emailid_Test</span>
                  <div class="stack-trace">org.openqa.selenium.NoSuchElementException: no such element: Unable to locate element: {&quot;method&quot;:&quot;xpath&quot;,&quot;selector&quot;:&quot;//a[normalize-space()=&apos;Forgot password?&apos;]&quot;}
  (Session info: chrome=127.0.6533.100)
For documentation on this error, please visit: https://www.selenium.dev/documentation/webdriver/troubleshooting/errors#no-such-element-exception
Build info: version: &apos;4.15.0&apos;, revision: &apos;1d14b5521b&apos;
System info: os.name: &apos;Windows 10&apos;, os.arch: &apos;amd64&apos;, os.version: &apos;10.0&apos;, java.version: &apos;17.0.3&apos;
Driver info: org.openqa.selenium.chrome.ChromeDriver
Command: [14b7cc46a89661a886778aeac7adf87e, findElement {using=xpath, value=//a[normalize-space()=&apos;Forgot password?&apos;]}]
Capabilities {acceptInsecureCerts: false, browserName: chrome, browserVersion: 127.0.6533.100, chrome: {chromedriverVersion: 127.0.6533.99 (f31af5097d90..., userDataDir: C:\Users\BHAUMI~1.GOH\AppDa...}, fedcm:accounts: true, goog:chromeOptions: {debuggerAddress: localhost:63095}, networkConnectionEnabled: false, pageLoadStrategy: normal, platformName: windows, proxy: Proxy(), se:cdp: ws://localhost:63095/devtoo..., se:cdpVersion: 127.0.6533.100, setWindowRect: true, strictFileInteractability: false, timeouts: {implicit: 0, pageLoad: 300000, script: 30000}, unhandledPromptBehavior: dismiss and notify, webauthn:extension:credBlob: true, webauthn:extension:largeBlob: true, webauthn:extension:minPinLength: true, webauthn:extension:prf: true, webauthn:virtualAuthenticators: true}
Session ID: 14b7cc46a89661a886778aeac7adf87e
	at org.openqa.selenium.remote.codec.w3c.W3CHttpResponseCodec.createException(W3CHttpResponseCodec.java:200)
	at org.openqa.selenium.remote.codec.w3c.W3CHttpResponseCodec.decode(W3CHttpResponseCodec.java:133)
	at org.openqa.selenium.remote.codec.w3c.W3CHttpResponseCodec.decode(W3CHttpResponseCodec.java:52)
	at org.openqa.selenium.remote.HttpCommandExecutor.execute(HttpCommandExecutor.java:191)
	at org.openqa.selenium.remote.service.DriverCommandExecutor.invokeExecute(DriverCommandExecutor.java:200)
	at org.openqa.selenium.remote.service.DriverCommandExecutor.execute(DriverCommandExecutor.java:175)
	at org.openqa.selenium.remote.RemoteWebDriver.execute(RemoteWebDriver.java:607)
	at org.openqa.selenium.remote.ElementLocation$ElementFinder$2.findElement(ElementLocation.java:165)
	at org.openqa.selenium.remote.ElementLocation.findElement(ElementLocation.java:59)
	at org.openqa.selenium.remote.RemoteWebDriver.findElement(RemoteWebDriver.java:364)
	at org.openqa.selenium.remote.RemoteWebDriver.findElement(RemoteWebDriver.java:358)
	at org.openqa.selenium.support.pagefactory.DefaultElementLocator.findElement(DefaultElementLocator.java:68)
	at org.openqa.selenium.support.pagefactory.internal.LocatingElementHandler.invoke(LocatingElementHandler.java:38)
	at jdk.proxy2/jdk.proxy2.$Proxy14.click(Unknown Source)
	at Pages.ForgotPassword.Validate_validemailid(ForgotPassword.java:81)
	at Testcase.ForgotPasswordTest.Verify_Valid_Emailid_Test(ForgotPasswordTest.java:59)
	at java.base/java.util.ArrayList.forEach(ArrayList.java:1511)
... Removed 32 stack frames
</div> <!-- stack-trace -->
                </div> <!-- method-content -->
              </div> <!-- method -->
            </div> <!-- main-panel-content rounded-window-bottom -->
          </div> <!-- suite-Check_Login_and_Releted_Functionalities-class-failed -->
          <div class="suite-Check_Login_and_Releted_Functionalities-class-failed">
            <div class="main-panel-header rounded-window-top">
              <img src="failed.png"/>
              <span class="class-name">Testcase.LoginwithSocialMedia</span>
            </div> <!-- main-panel-header rounded-window-top -->
            <div class="main-panel-content rounded-window-bottom">
              <div class="method">
                <div class="method-content">
                  <a name="Validate_Login_Using_socialMedia">
                  </a> <!-- Validate_Login_Using_socialMedia -->
                  <span class="method-name">Validate_Login_Using_socialMedia</span>
                  <div class="stack-trace">org.openqa.selenium.NoSuchElementException: no such element: Unable to locate element: {&quot;method&quot;:&quot;xpath&quot;,&quot;selector&quot;:&quot;//*[@id=&quot;container&quot;]/div/div[1]&quot;}
  (Session info: chrome=127.0.6533.100)
For documentation on this error, please visit: https://www.selenium.dev/documentation/webdriver/troubleshooting/errors#no-such-element-exception
Build info: version: &apos;4.15.0&apos;, revision: &apos;1d14b5521b&apos;
System info: os.name: &apos;Windows 10&apos;, os.arch: &apos;amd64&apos;, os.version: &apos;10.0&apos;, java.version: &apos;17.0.3&apos;
Driver info: org.openqa.selenium.chrome.ChromeDriver
Command: [0e932934736e49b800eee10442475cfb, findElement {using=xpath, value=//*[@id=&quot;container&quot;]/div/div[1]}]
Capabilities {acceptInsecureCerts: false, browserName: chrome, browserVersion: 127.0.6533.100, chrome: {chromedriverVersion: 127.0.6533.99 (f31af5097d90..., userDataDir: C:\Users\BHAUMI~1.GOH\AppDa...}, fedcm:accounts: true, goog:chromeOptions: {debuggerAddress: localhost:63228}, networkConnectionEnabled: false, pageLoadStrategy: normal, platformName: windows, proxy: Proxy(), se:cdp: ws://localhost:63228/devtoo..., se:cdpVersion: 127.0.6533.100, setWindowRect: true, strictFileInteractability: false, timeouts: {implicit: 0, pageLoad: 300000, script: 30000}, unhandledPromptBehavior: dismiss and notify, webauthn:extension:credBlob: true, webauthn:extension:largeBlob: true, webauthn:extension:minPinLength: true, webauthn:extension:prf: true, webauthn:virtualAuthenticators: true}
Session ID: 0e932934736e49b800eee10442475cfb
	at org.openqa.selenium.remote.codec.w3c.W3CHttpResponseCodec.createException(W3CHttpResponseCodec.java:200)
	at org.openqa.selenium.remote.codec.w3c.W3CHttpResponseCodec.decode(W3CHttpResponseCodec.java:133)
	at org.openqa.selenium.remote.codec.w3c.W3CHttpResponseCodec.decode(W3CHttpResponseCodec.java:52)
	at org.openqa.selenium.remote.HttpCommandExecutor.execute(HttpCommandExecutor.java:191)
	at org.openqa.selenium.remote.service.DriverCommandExecutor.invokeExecute(DriverCommandExecutor.java:200)
	at org.openqa.selenium.remote.service.DriverCommandExecutor.execute(DriverCommandExecutor.java:175)
	at org.openqa.selenium.remote.RemoteWebDriver.execute(RemoteWebDriver.java:607)
	at org.openqa.selenium.remote.ElementLocation$ElementFinder$2.findElement(ElementLocation.java:165)
	at org.openqa.selenium.remote.ElementLocation.findElement(ElementLocation.java:59)
	at org.openqa.selenium.remote.RemoteWebDriver.findElement(RemoteWebDriver.java:364)
	at org.openqa.selenium.remote.RemoteWebDriver.findElement(RemoteWebDriver.java:358)
	at org.openqa.selenium.support.pagefactory.DefaultElementLocator.findElement(DefaultElementLocator.java:68)
	at org.openqa.selenium.support.pagefactory.internal.LocatingElementHandler.invoke(LocatingElementHandler.java:38)
	at jdk.proxy2/jdk.proxy2.$Proxy14.click(Unknown Source)
	at Pages.HomePage.Validate_Login_with_Social_Media(HomePage.java:61)
	at Testcase.LoginwithSocialMedia.Validate_Login_Using_socialMedia(LoginwithSocialMedia.java:27)
	at java.base/java.util.ArrayList.forEach(ArrayList.java:1511)
... Removed 32 stack frames
</div> <!-- stack-trace -->
                </div> <!-- method-content -->
              </div> <!-- method -->
            </div> <!-- main-panel-content rounded-window-bottom -->
          </div> <!-- suite-Check_Login_and_Releted_Functionalities-class-failed -->
          <div class="suite-Check_Login_and_Releted_Functionalities-class-passed">
            <div class="main-panel-header rounded-window-top">
              <img src="passed.png"/>
              <span class="class-name">Testcase.LoginPageTest</span>
            </div> <!-- main-panel-header rounded-window-top -->
            <div class="main-panel-content rounded-window-bottom">
              <div class="method">
                <div class="method-content">
                  <a name="Verify_Blank_Validation">
                  </a> <!-- Verify_Blank_Validation -->
                  <span class="method-name">Verify_Blank_Validation</span>
                </div> <!-- method-content -->
              </div> <!-- method -->
              <div class="method">
                <div class="method-content">
                  <a name="Verify_HomepageTitle">
                  </a> <!-- Verify_HomepageTitle -->
                  <span class="method-name">Verify_HomepageTitle</span>
                </div> <!-- method-content -->
              </div> <!-- method -->
              <div class="method">
                <div class="method-content">
                  <a name="Verify_forgotpasswordlink">
                  </a> <!-- Verify_forgotpasswordlink -->
                  <span class="method-name">Verify_forgotpasswordlink</span>
                </div> <!-- method-content -->
              </div> <!-- method -->
            </div> <!-- main-panel-content rounded-window-bottom -->
          </div> <!-- suite-Check_Login_and_Releted_Functionalities-class-passed -->
          <div class="suite-Check_Login_and_Releted_Functionalities-class-passed">
            <div class="main-panel-header rounded-window-top">
              <img src="passed.png"/>
              <span class="class-name">Testcase.ForgotPasswordTest</span>
            </div> <!-- main-panel-header rounded-window-top -->
            <div class="main-panel-content rounded-window-bottom">
              <div class="method">
                <div class="method-content">
                  <a name="Verify_Blank_Validation_Test">
                  </a> <!-- Verify_Blank_Validation_Test -->
                  <span class="method-name">Verify_Blank_Validation_Test</span>
                </div> <!-- method-content -->
              </div> <!-- method -->
              <div class="method">
                <div class="method-content">
                  <a name="Verify_HomepageTitle_Test">
                  </a> <!-- Verify_HomepageTitle_Test -->
                  <span class="method-name">Verify_HomepageTitle_Test</span>
                </div> <!-- method-content -->
              </div> <!-- method -->
              <div class="method">
                <div class="method-content">
                  <a name="Verify_Invalid_Emailid_Test">
                  </a> <!-- Verify_Invalid_Emailid_Test -->
                  <span class="method-name">Verify_Invalid_Emailid_Test</span>
                </div> <!-- method-content -->
              </div> <!-- method -->
              <div class="method">
                <div class="method-content">
                  <a name="Verify_ResendCode_Test">
                  </a> <!-- Verify_ResendCode_Test -->
                  <span class="method-name">Verify_ResendCode_Test</span>
                </div> <!-- method-content -->
              </div> <!-- method -->
              <div class="method">
                <div class="method-content">
                  <a name="Verify_code_Test">
                  </a> <!-- Verify_code_Test -->
                  <span class="method-name">Verify_code_Test</span>
                </div> <!-- method-content -->
              </div> <!-- method -->
            </div> <!-- main-panel-content rounded-window-bottom -->
          </div> <!-- suite-Check_Login_and_Releted_Functionalities-class-passed -->
          <div class="suite-Check_Login_and_Releted_Functionalities-class-passed">
            <div class="main-panel-header rounded-window-top">
              <img src="passed.png"/>
              <span class="class-name">Testcase.HomePageTest</span>
            </div> <!-- main-panel-header rounded-window-top -->
            <div class="main-panel-content rounded-window-bottom">
              <div class="method">
                <div class="method-content">
                  <a name="Verify_HomepageTitle">
                  </a> <!-- Verify_HomepageTitle -->
                  <span class="method-name">Verify_HomepageTitle</span>
                </div> <!-- method-content -->
              </div> <!-- method -->
              <div class="method">
                <div class="method-content">
                  <a name="Verify_SigninLink">
                  </a> <!-- Verify_SigninLink -->
                  <span class="method-name">Verify_SigninLink</span>
                </div> <!-- method-content -->
              </div> <!-- method -->
            </div> <!-- main-panel-content rounded-window-bottom -->
          </div> <!-- suite-Check_Login_and_Releted_Functionalities-class-passed -->
        </div> <!-- panel Check_Login_and_Releted_Functionalities -->
        <div panel-name="test-xml-Check_Login_and_Releted_Functionalities" class="panel">
          <div class="main-panel-header rounded-window-top">
            <span class="header-content">D:\Automation\rover\testng.xml</span>
          </div> <!-- main-panel-header rounded-window-top -->
          <div class="main-panel-content rounded-window-bottom">
            <pre>
&lt;?xml version=&quot;1.0&quot; encoding=&quot;UTF-8&quot;?&gt;
&lt;!DOCTYPE suite SYSTEM &quot;https://testng.org/testng-1.0.dtd&quot;&gt;
&lt;suite name=&quot;Check Login and Releted Functionalities&quot; guice-stage=&quot;DEVELOPMENT&quot;&gt;
  &lt;listeners&gt;
    &lt;listener class-name=&quot;Reports.MyListeners&quot;/&gt;
  &lt;/listeners&gt;
  &lt;test thread-count=&quot;5&quot; name=&quot;Check Functionality&quot;&gt;
    &lt;classes&gt;
      &lt;class name=&quot;Testcase.HomePageTest&quot;/&gt;
      &lt;class name=&quot;Testcase.LoginPageTest&quot;/&gt;
      &lt;class name=&quot;Testcase.ForgotPasswordTest&quot;/&gt;
      &lt;class name=&quot;Testcase.LoginwithSocialMedia&quot;/&gt;
    &lt;/classes&gt;
  &lt;/test&gt; &lt;!-- Check Functionality --&gt;
&lt;/suite&gt; &lt;!-- Check Login and Releted Functionalities --&gt;
            </pre>
          </div> <!-- main-panel-content rounded-window-bottom -->
        </div> <!-- panel -->
        <div panel-name="testlist-Check_Login_and_Releted_Functionalities" class="panel">
          <div class="main-panel-header rounded-window-top">
            <span class="header-content">Tests for Check Login and Releted Functionalities</span>
          </div> <!-- main-panel-header rounded-window-top -->
          <div class="main-panel-content rounded-window-bottom">
            <ul>
              <li>
                <span class="test-name">Check Functionality (4 classes)</span>
              </li>
            </ul>
          </div> <!-- main-panel-content rounded-window-bottom -->
        </div> <!-- panel -->
        <div panel-name="group-Check_Login_and_Releted_Functionalities" class="panel">
          <div class="main-panel-header rounded-window-top">
            <span class="header-content">Groups for Check Login and Releted Functionalities</span>
          </div> <!-- main-panel-header rounded-window-top -->
          <div class="main-panel-content rounded-window-bottom">
          </div> <!-- main-panel-content rounded-window-bottom -->
        </div> <!-- panel -->
        <div panel-name="times-Check_Login_and_Releted_Functionalities" class="panel">
          <div class="main-panel-header rounded-window-top">
            <span class="header-content">Times for Check Login and Releted Functionalities</span>
          </div> <!-- main-panel-header rounded-window-top -->
          <div class="main-panel-content rounded-window-bottom">
            <div class="times-div">
              <script type="text/javascript">
suiteTableInitFunctions.push('tableData_Check_Login_and_Releted_Functionalities');
function tableData_Check_Login_and_Releted_Functionalities() {
var data = new google.visualization.DataTable();
data.addColumn('number', 'Number');
data.addColumn('string', 'Method');
data.addColumn('string', 'Class');
data.addColumn('number', 'Time (ms)');
data.addRows(14);
data.setCell(0, 0, 0)
data.setCell(0, 1, 'Validate_Login_Using_socialMedia')
data.setCell(0, 2, 'Testcase.LoginwithSocialMedia')
data.setCell(0, 3, 21233);
data.setCell(1, 0, 1)
data.setCell(1, 1, 'Verify_Valid_Emailid_Test')
data.setCell(1, 2, 'Testcase.ForgotPasswordTest')
data.setCell(1, 3, 20109);
data.setCell(2, 0, 2)
data.setCell(2, 1, 'Verify_ResendCode_Test')
data.setCell(2, 2, 'Testcase.ForgotPasswordTest')
data.setCell(2, 3, 3901);
data.setCell(3, 0, 3)
data.setCell(3, 1, 'Verify_code_Test')
data.setCell(3, 2, 'Testcase.ForgotPasswordTest')
data.setCell(3, 3, 2691);
data.setCell(4, 0, 4)
data.setCell(4, 1, 'Verify_SigninLink')
data.setCell(4, 2, 'Testcase.HomePageTest')
data.setCell(4, 3, 1716);
data.setCell(5, 0, 5)
data.setCell(5, 1, 'Verify_forgotpasswordlink')
data.setCell(5, 2, 'Testcase.LoginPageTest')
data.setCell(5, 3, 1491);
data.setCell(6, 0, 6)
data.setCell(6, 1, 'Verify_Blank_Validation')
data.setCell(6, 2, 'Testcase.LoginPageTest')
data.setCell(6, 3, 579);
data.setCell(7, 0, 7)
data.setCell(7, 1, 'Verify_Invalid_Emailid_Test')
data.setCell(7, 2, 'Testcase.ForgotPasswordTest')
data.setCell(7, 3, 481);
data.setCell(8, 0, 8)
data.setCell(8, 1, 'Verify_Invalid_Validation')
data.setCell(8, 2, 'Testcase.LoginPageTest')
data.setCell(8, 3, 419);
data.setCell(9, 0, 9)
data.setCell(9, 1, 'Verify_Valid_Credentials')
data.setCell(9, 2, 'Testcase.LoginPageTest')
data.setCell(9, 3, 346);
data.setCell(10, 0, 10)
data.setCell(10, 1, 'Verify_Blank_Validation_Test')
data.setCell(10, 2, 'Testcase.ForgotPasswordTest')
data.setCell(10, 3, 342);
data.setCell(11, 0, 11)
data.setCell(11, 1, 'Verify_HomepageTitle')
data.setCell(11, 2, 'Testcase.LoginPageTest')
data.setCell(11, 3, 167);
data.setCell(12, 0, 12)
data.setCell(12, 1, 'Verify_HomepageTitle')
data.setCell(12, 2, 'Testcase.HomePageTest')
data.setCell(12, 3, 68);
data.setCell(13, 0, 13)
data.setCell(13, 1, 'Verify_HomepageTitle_Test')
data.setCell(13, 2, 'Testcase.ForgotPasswordTest')
data.setCell(13, 3, 27);
window.suiteTableData['Check_Login_and_Releted_Functionalities']= { tableData: data, tableDiv: 'times-div-Check_Login_and_Releted_Functionalities'}
return data;
}
              </script>
              <span class="suite-total-time">Total running time: 53 seconds</span>
              <div id="times-div-Check_Login_and_Releted_Functionalities">
              </div> <!-- times-div-Check_Login_and_Releted_Functionalities -->
            </div> <!-- times-div -->
          </div> <!-- main-panel-content rounded-window-bottom -->
        </div> <!-- panel -->
        <div panel-name="reporter-Check_Login_and_Releted_Functionalities" class="panel">
          <div class="main-panel-header rounded-window-top">
            <span class="header-content">Reporter output for Check Login and Releted Functionalities</span>
          </div> <!-- main-panel-header rounded-window-top -->
          <div class="main-panel-content rounded-window-bottom">
          </div> <!-- main-panel-content rounded-window-bottom -->
        </div> <!-- panel -->
        <div panel-name="ignored-methods-Check_Login_and_Releted_Functionalities" class="panel">
          <div class="main-panel-header rounded-window-top">
            <span class="header-content">0 ignored methods</span>
          </div> <!-- main-panel-header rounded-window-top -->
          <div class="main-panel-content rounded-window-bottom">
          </div> <!-- main-panel-content rounded-window-bottom -->
        </div> <!-- panel -->
        <div panel-name="chronological-Check_Login_and_Releted_Functionalities" class="panel">
          <div class="main-panel-header rounded-window-top">
            <span class="header-content">Methods in chronological order</span>
          </div> <!-- main-panel-header rounded-window-top -->
          <div class="main-panel-content rounded-window-bottom">
            <div class="chronological-class">
              <div class="chronological-class-name">Testcase.HomePageTest</div> <!-- chronological-class-name -->
              <div class="configuration-method before">
                <span class="method-name">Setup</span>
                <span class="method-start">0 ms</span>
              </div> <!-- configuration-method before -->
              <div class="test-method">
                <span class="method-name">Verify_HomepageTitle</span>
                <span class="method-start">13125 ms</span>
              </div> <!-- test-method -->
              <div class="configuration-method after">
                <span class="method-name">Terminate</span>
                <span class="method-start">13233 ms</span>
              </div> <!-- configuration-method after -->
              <div class="configuration-method before">
                <span class="method-name">Setup</span>
                <span class="method-start">14757 ms</span>
              </div> <!-- configuration-method before -->
              <div class="test-method">
                <span class="method-name">Verify_SigninLink</span>
                <span class="method-start">21155 ms</span>
              </div> <!-- test-method -->
              <div class="configuration-method after">
                <span class="method-name">Terminate</span>
                <span class="method-start">22873 ms</span>
              </div> <!-- configuration-method after -->
            </div> <!-- chronological-class -->
            <div class="chronological-class">
              <div class="chronological-class-name">Testcase.LoginPageTest</div> <!-- chronological-class-name -->
              <div class="configuration-method before">
                <span class="method-name">Setup</span>
                <span class="method-start">24311 ms</span>
              </div> <!-- configuration-method before -->
              <div class="test-method">
                <span class="method-name">Verify_HomepageTitle</span>
                <span class="method-start">32003 ms</span>
              </div> <!-- test-method -->
              <div class="configuration-method after">
                <span class="method-name">Terminate</span>
                <span class="method-start">32174 ms</span>
              </div> <!-- configuration-method after -->
              <div class="configuration-method before">
                <span class="method-name">Setup</span>
                <span class="method-start">33529 ms</span>
              </div> <!-- configuration-method before -->
              <div class="test-method">
                <span class="method-name">Verify_Blank_Validation</span>
                <span class="method-start">42520 ms</span>
              </div> <!-- test-method -->
              <div class="configuration-method after">
                <span class="method-name">Terminate</span>
                <span class="method-start">43101 ms</span>
              </div> <!-- configuration-method after -->
              <div class="configuration-method before">
                <span class="method-name">Setup</span>
                <span class="method-start">44188 ms</span>
              </div> <!-- configuration-method before -->
              <div class="test-method">
                <img src="failed.png">
                </img>
                <span class="method-name">Verify_Invalid_Validation</span>
                <span class="method-start">53246 ms</span>
              </div> <!-- test-method -->
              <div class="configuration-method after">
                <span class="method-name">Terminate</span>
                <span class="method-start">53669 ms</span>
              </div> <!-- configuration-method after -->
              <div class="configuration-method before">
                <span class="method-name">Setup</span>
                <span class="method-start">55118 ms</span>
              </div> <!-- configuration-method before -->
              <div class="test-method">
                <img src="failed.png">
                </img>
                <span class="method-name">Verify_Valid_Credentials</span>
                <span class="method-start">64569 ms</span>
              </div> <!-- test-method -->
              <div class="configuration-method after">
                <span class="method-name">Terminate</span>
                <span class="method-start">64918 ms</span>
              </div> <!-- configuration-method after -->
              <div class="configuration-method before">
                <span class="method-name">Setup</span>
                <span class="method-start">66882 ms</span>
              </div> <!-- configuration-method before -->
              <div class="test-method">
                <span class="method-name">Verify_forgotpasswordlink</span>
                <span class="method-start">76063 ms</span>
              </div> <!-- test-method -->
              <div class="configuration-method after">
                <span class="method-name">Terminate</span>
                <span class="method-start">77557 ms</span>
              </div> <!-- configuration-method after -->
            </div> <!-- chronological-class -->
            <div class="chronological-class">
              <div class="chronological-class-name">Testcase.ForgotPasswordTest</div> <!-- chronological-class-name -->
              <div class="configuration-method before">
                <span class="method-name">Setup</span>
                <span class="method-start">78916 ms</span>
              </div> <!-- configuration-method before -->
              <div class="test-method">
                <span class="method-name">Verify_HomepageTitle_Test</span>
                <span class="method-start">89339 ms</span>
              </div> <!-- test-method -->
              <div class="configuration-method after">
                <span class="method-name">Terminate</span>
                <span class="method-start">89370 ms</span>
              </div> <!-- configuration-method after -->
              <div class="configuration-method before">
                <span class="method-name">Setup</span>
                <span class="method-start">90408 ms</span>
              </div> <!-- configuration-method before -->
              <div class="test-method">
                <span class="method-name">Verify_Blank_Validation_Test</span>
                <span class="method-start">101508 ms</span>
              </div> <!-- test-method -->
              <div class="configuration-method after">
                <span class="method-name">Terminate</span>
                <span class="method-start">101852 ms</span>
              </div> <!-- configuration-method after -->
              <div class="configuration-method before">
                <span class="method-name">Setup</span>
                <span class="method-start">102999 ms</span>
              </div> <!-- configuration-method before -->
              <div class="test-method">
                <span class="method-name">Verify_Invalid_Emailid_Test</span>
                <span class="method-start">113631 ms</span>
              </div> <!-- test-method -->
              <div class="configuration-method after">
                <span class="method-name">Terminate</span>
                <span class="method-start">114113 ms</span>
              </div> <!-- configuration-method after -->
              <div class="configuration-method before">
                <span class="method-name">Setup</span>
                <span class="method-start">115325 ms</span>
              </div> <!-- configuration-method before -->
              <div class="test-method">
                <img src="failed.png">
                </img>
                <span class="method-name">Verify_Valid_Emailid_Test</span>
                <span class="method-start">125146 ms</span>
              </div> <!-- test-method -->
              <div class="configuration-method after">
                <span class="method-name">Terminate</span>
                <span class="method-start">145263 ms</span>
              </div> <!-- configuration-method after -->
              <div class="configuration-method before">
                <span class="method-name">Setup</span>
                <span class="method-start">146695 ms</span>
              </div> <!-- configuration-method before -->
              <div class="test-method">
                <span class="method-name">Verify_code_Test</span>
                <span class="method-start">156745 ms</span>
              </div> <!-- test-method -->
              <div class="configuration-method after">
                <span class="method-name">Terminate</span>
                <span class="method-start">159438 ms</span>
              </div> <!-- configuration-method after -->
              <div class="configuration-method before">
                <span class="method-name">Setup</span>
                <span class="method-start">160670 ms</span>
              </div> <!-- configuration-method before -->
              <div class="test-method">
                <span class="method-name">Verify_ResendCode_Test</span>
                <span class="method-start">170858 ms</span>
              </div> <!-- test-method -->
              <div class="configuration-method after">
                <span class="method-name">Terminate</span>
                <span class="method-start">174761 ms</span>
              </div> <!-- configuration-method after -->
            </div> <!-- chronological-class -->
            <div class="chronological-class">
              <div class="chronological-class-name">Testcase.LoginwithSocialMedia</div> <!-- chronological-class-name -->
              <div class="configuration-method before">
                <span class="method-name">Setup</span>
                <span class="method-start">176141 ms</span>
              </div> <!-- configuration-method before -->
              <div class="test-method">
                <img src="failed.png">
                </img>
                <span class="method-name">Validate_Login_Using_socialMedia</span>
                <span class="method-start">182397 ms</span>
              </div> <!-- test-method -->
              <div class="configuration-method after">
                <span class="method-name">Terminate</span>
                <span class="method-start">203637 ms</span>
              </div> <!-- configuration-method after -->
          </div> <!-- main-panel-content rounded-window-bottom -->
        </div> <!-- panel -->
      </div> <!-- main-panel-root -->
    </div> <!-- wrapper -->
  </body>
<script type="text/javascript" src="testng-reports2.js"></script>
</html>
